2025-08-10T13:01:22.147Z INFO @wdio/local-runner: Run worker command: run
2025-08-10T13:01:22.558Z INFO webdriver: Initiate new session using the WebDriver protocol
2025-08-10T13:01:22.559Z INFO @wdio/utils: Connecting to existing driver at http://localhost:9515/
2025-08-10T13:01:22.570Z INFO webdriver: [POST] http://localhost:9515/session
2025-08-10T13:01:23.165Z INFO webdriver: Register BiDi handler for session with id 268a73c5fe160052d07bc037e25302eb
2025-08-10T13:01:23.165Z INFO webdriver: Connecting to webSocketUrl ws://127.0.0.1:9515/session/268a73c5fe160052d07bc037e25302eb
2025-08-10T13:01:23.175Z INFO webdriver: Connected to Bidi protocol at ws://127.0.0.1:9515/session/268a73c5fe160052d07bc037e25302eb
2025-08-10T13:01:23.175Z INFO webdriver: Connected to WebDriver Bidi interface at ws://127.0.0.1:9515/session/268a73c5fe160052d07bc037e25302eb
2025-08-10T13:01:23.176Z INFO webdriver: BIDI COMMAND session.subscribe {"events":["browsingContext.contextCreated"]}
2025-08-10T13:01:23.177Z INFO webdriver: BIDI COMMAND session.subscribe {"events":["log.entryAdded","browsingContext.navigationStarted"]}
2025-08-10T13:01:23.177Z INFO webdriver: BIDI COMMAND script.addPreloadScript { functionDeclaration: <PreloadScript[1319 bytes]>, contexts: undefined }
2025-08-10T13:01:23.178Z INFO webdriver: BIDI COMMAND session.subscribe {"events":["browsingContext.navigationStarted","browsingContext.fragmentNavigated","network.responseCompleted","network.beforeRequestSent","network.fetchError"]}
2025-08-10T13:01:23.178Z INFO webdriver: BIDI COMMAND session.subscribe {"events":["browsingContext.userPromptOpened"]}
2025-08-10T13:01:23.178Z INFO webdriver: BIDI COMMAND session.subscribe {"events":["browsingContext.navigationStarted"]}
2025-08-10T13:01:23.179Z INFO webdriver: COMMAND getWindowHandle()
2025-08-10T13:01:23.180Z INFO webdriver: BIDI COMMAND browsingContext.getTree {}
2025-08-10T13:01:23.180Z INFO webdriver: [GET] http://localhost:9515/session/268a73c5fe160052d07bc037e25302eb/window
2025-08-10T13:01:23.183Z INFO webdriver: RESULT 235D7C883E38740BD392B32A7987519F
2025-08-10T13:01:23.186Z INFO webdriverio:PolyfillManager: Adding polyfill script to context with id 235D7C883E38740BD392B32A7987519F
2025-08-10T13:01:23.187Z INFO webdriver: BIDI COMMAND script.callFunction {"functionDeclaration":"<Function[443 bytes] webdriverioPolyfill>","target":{"children":null,"clientWindow":"2028263651","context":"235D7C883E38740BD392B32A7987519F","originalOpener":null,"parent":null,"url":"about:blank","userContext":"default"},"awaitPromise":false}
2025-08-10T13:01:23.187Z INFO webdriver: BIDI COMMAND script.addPreloadScript { functionDeclaration: <PreloadScript[443 bytes]>, contexts: ["235D7C883E38740BD392B32A7987519F"] }
2025-08-10T13:01:23.187Z INFO webdriver: BIDI RESULT {"id":1,"result":{"subscription":"f6999b50-6f1f-466a-9247-89502fc361d0"},"type":"success"}
2025-08-10T13:01:23.188Z INFO webdriver: BIDI RESULT {"id":2,"result":{"subscription":"adb9ddd0-a9ec-49e7-800c-e975ccbc9fa1"},"type":"success"}
2025-08-10T13:01:23.189Z INFO webdriver: BIDI RESULT {"id":3,"result":{"script":"a0b7932e-f2a2-4c76-b086-767ba6f58a33"},"type":"success"}
2025-08-10T13:01:23.189Z INFO webdriver: BIDI RESULT {"id":4,"result":{"subscription":"af678380-ad9e-4395-b601-6493a75aada2"},"type":"success"}
2025-08-10T13:01:23.189Z INFO webdriver: BIDI RESULT {"id":5,"result":{"subscription":"85f1cf47-dc79-49a9-8aae-a4ee5ec666d8"},"type":"success"}
2025-08-10T13:01:23.190Z INFO webdriver: BIDI RESULT {"id":6,"result":{"subscription":"379c3c55-a152-4e56-877d-1f7e7a4c19a7"},"type":"success"}
2025-08-10T13:01:23.190Z INFO webdriver: BIDI RESULT {"id":7,"result":{"contexts":[{"children":[],"clientWindow":"2028263651","context":"235D7C883E38740BD392B32A7987519F","originalOpener":null,"parent":null,"url":"about:blank","userContext":"default"}]},"type":"success"}
2025-08-10T13:01:23.194Z INFO webdriver: BIDI RESULT {"id":8,"result":{"realm":"5884100516682439716.2019756436394430372","result":{"type":"undefined"},"type":"success"},"type":"success"}
2025-08-10T13:01:23.196Z INFO webdriver: BIDI COMMAND browsingContext.navigate {"context":"235D7C883E38740BD392B32A7987519F","url":"https://adactinhotelapp.com","wait":"complete"}
2025-08-10T13:01:23.197Z INFO webdriver: BIDI RESULT {"id":9,"result":{"script":"6daf1828-3b78-4d57-8805-74cdf9e57951"},"type":"success"}
2025-08-10T13:01:25.541Z INFO webdriver: BIDI RESULT {"id":10,"result":{"navigation":"0862ad10-4dff-4f03-a263-0fed90f07ff4","url":"https://adactinhotelapp.com/"},"type":"success"}
2025-08-10T13:01:25.544Z INFO webdriver: BIDI COMMAND browsingContext.locateNodes {"locator":{"type":"css","value":"#username"},"context":"235D7C883E38740BD392B32A7987519F"}
2025-08-10T13:01:25.548Z INFO webdriver: BIDI RESULT {"id":11,"result":{"nodes":[{"sharedId":"f.235D7C883E38740BD392B32A7987519F.d.0DC1063C90C0405599522EEF48072411.e.4","type":"node","value":{"attributes":{"class":"login_input","id":"username","name":"username","type":"text","value":""},"childNodeCount":0,"localName":"input","namespaceURI":"http://www.w3.org/1999/xhtml","nodeType":1,"shadowRoot":{"sharedId":"f.235D7C883E38740BD392B32A7987519F.d.0DC1063C90C0405599522EEF48072411.e.17","type":"node","value":{"childNodeCount":1,"mode":"closed","nodeType":11}}}}]},"type":"success"}
2025-08-10T13:01:25.555Z INFO webdriver: BIDI COMMAND script.callFunction {"functionDeclaration":"<Function[279 bytes] checkVisibility>","awaitPromise":true,"arguments":[{"sharedId":"f.235D7C883E38740BD392B32A7987519F.d.0DC1063C90C0405599522EEF48072411.e.4"},{"type":"object","value":[["withinViewport",{"type":"boolean","value":false}],["contentVisibilityAuto",{"type":"boolean","value":true}],["opacityProperty",{"type":"boolean","value":true}],["visibilityProperty",{"type":"boolean","value":true}]]}],"target":{"context":"235D7C883E38740BD392B32A7987519F"}}
2025-08-10T13:01:25.555Z INFO webdriver: COMMAND getElementCSSValue("f.235D7C883E38740BD392B32A7987519F.d.0DC1063C90C0405599522EEF48072411.e.4", "display")
2025-08-10T13:01:25.556Z INFO webdriver: [GET] http://localhost:9515/session/268a73c5fe160052d07bc037e25302eb/element/f.235D7C883E38740BD392B32A7987519F.d.0DC1063C90C0405599522EEF48072411.e.4/css/display
2025-08-10T13:01:25.564Z INFO webdriver: RESULT inline-block
2025-08-10T13:01:25.575Z INFO webdriver: BIDI RESULT {"id":12,"result":{"realm":"-2375647537114472690.8146067565899918987","result":{"type":"boolean","value":true},"type":"success"},"type":"success"}
2025-08-10T13:01:25.576Z INFO webdriver: BIDI COMMAND script.callFunction {"functionDeclaration":"<Function[279 bytes] checkVisibility>","awaitPromise":true,"arguments":[{"sharedId":"f.235D7C883E38740BD392B32A7987519F.d.0DC1063C90C0405599522EEF48072411.e.4"},{"type":"object","value":[["withinViewport",{"type":"boolean","value":false}],["contentVisibilityAuto",{"type":"boolean","value":true}],["opacityProperty",{"type":"boolean","value":true}],["visibilityProperty",{"type":"boolean","value":true}]]}],"target":{"context":"235D7C883E38740BD392B32A7987519F"}}
2025-08-10T13:01:25.577Z INFO webdriver: COMMAND getElementCSSValue("f.235D7C883E38740BD392B32A7987519F.d.0DC1063C90C0405599522EEF48072411.e.4", "display")
2025-08-10T13:01:25.577Z INFO webdriver: [GET] http://localhost:9515/session/268a73c5fe160052d07bc037e25302eb/element/f.235D7C883E38740BD392B32A7987519F.d.0DC1063C90C0405599522EEF48072411.e.4/css/display
2025-08-10T13:01:25.582Z INFO webdriver: RESULT inline-block
2025-08-10T13:01:25.592Z INFO webdriver: BIDI RESULT {"id":13,"result":{"realm":"-2375647537114472690.8146067565899918987","result":{"type":"boolean","value":true},"type":"success"},"type":"success"}
2025-08-10T13:01:25.592Z INFO webdriver: BIDI COMMAND browsingContext.locateNodes {"locator":{"type":"css","value":"#password"},"context":"235D7C883E38740BD392B32A7987519F"}
2025-08-10T13:01:25.594Z INFO webdriver: BIDI RESULT {"id":14,"result":{"nodes":[{"sharedId":"f.235D7C883E38740BD392B32A7987519F.d.0DC1063C90C0405599522EEF48072411.e.5","type":"node","value":{"attributes":{"class":"login_input","id":"password","name":"password","type":"password","value":""},"childNodeCount":0,"localName":"input","namespaceURI":"http://www.w3.org/1999/xhtml","nodeType":1,"shadowRoot":{"sharedId":"f.235D7C883E38740BD392B32A7987519F.d.0DC1063C90C0405599522EEF48072411.e.18","type":"node","value":{"childNodeCount":1,"mode":"closed","nodeType":11}}}}]},"type":"success"}
2025-08-10T13:01:25.597Z INFO webdriver: BIDI COMMAND script.callFunction {"functionDeclaration":"<Function[279 bytes] checkVisibility>","awaitPromise":true,"arguments":[{"sharedId":"f.235D7C883E38740BD392B32A7987519F.d.0DC1063C90C0405599522EEF48072411.e.5"},{"type":"object","value":[["withinViewport",{"type":"boolean","value":false}],["contentVisibilityAuto",{"type":"boolean","value":true}],["opacityProperty",{"type":"boolean","value":true}],["visibilityProperty",{"type":"boolean","value":true}]]}],"target":{"context":"235D7C883E38740BD392B32A7987519F"}}
2025-08-10T13:01:25.597Z INFO webdriver: COMMAND getElementCSSValue("f.235D7C883E38740BD392B32A7987519F.d.0DC1063C90C0405599522EEF48072411.e.5", "display")
2025-08-10T13:01:25.597Z INFO webdriver: [GET] http://localhost:9515/session/268a73c5fe160052d07bc037e25302eb/element/f.235D7C883E38740BD392B32A7987519F.d.0DC1063C90C0405599522EEF48072411.e.5/css/display
2025-08-10T13:01:25.602Z INFO webdriver: RESULT inline-block
2025-08-10T13:01:25.612Z INFO webdriver: BIDI RESULT {"id":15,"result":{"realm":"-2375647537114472690.8146067565899918987","result":{"type":"boolean","value":true},"type":"success"},"type":"success"}
2025-08-10T13:01:25.612Z INFO webdriver: BIDI COMMAND script.callFunction {"functionDeclaration":"<Function[279 bytes] checkVisibility>","awaitPromise":true,"arguments":[{"sharedId":"f.235D7C883E38740BD392B32A7987519F.d.0DC1063C90C0405599522EEF48072411.e.5"},{"type":"object","value":[["withinViewport",{"type":"boolean","value":false}],["contentVisibilityAuto",{"type":"boolean","value":true}],["opacityProperty",{"type":"boolean","value":true}],["visibilityProperty",{"type":"boolean","value":true}]]}],"target":{"context":"235D7C883E38740BD392B32A7987519F"}}
2025-08-10T13:01:25.612Z INFO webdriver: COMMAND getElementCSSValue("f.235D7C883E38740BD392B32A7987519F.d.0DC1063C90C0405599522EEF48072411.e.5", "display")
2025-08-10T13:01:25.612Z INFO webdriver: [GET] http://localhost:9515/session/268a73c5fe160052d07bc037e25302eb/element/f.235D7C883E38740BD392B32A7987519F.d.0DC1063C90C0405599522EEF48072411.e.5/css/display
2025-08-10T13:01:25.617Z INFO webdriver: RESULT inline-block
2025-08-10T13:01:25.627Z INFO webdriver: BIDI RESULT {"id":16,"result":{"realm":"-2375647537114472690.8146067565899918987","result":{"type":"boolean","value":true},"type":"success"},"type":"success"}
2025-08-10T13:01:25.628Z INFO webdriver: BIDI COMMAND browsingContext.locateNodes {"locator":{"type":"css","value":"#login"},"context":"235D7C883E38740BD392B32A7987519F"}
2025-08-10T13:01:25.630Z INFO webdriver: BIDI RESULT {"id":17,"result":{"nodes":[{"sharedId":"f.235D7C883E38740BD392B32A7987519F.d.0DC1063C90C0405599522EEF48072411.e.6","type":"node","value":{"attributes":{"class":"login_button","id":"login","name":"login","type":"Submit","value":"Login"},"childNodeCount":0,"localName":"input","namespaceURI":"http://www.w3.org/1999/xhtml","nodeType":1,"shadowRoot":{"sharedId":"f.235D7C883E38740BD392B32A7987519F.d.0DC1063C90C0405599522EEF48072411.e.19","type":"node","value":{"childNodeCount":1,"mode":"closed","nodeType":11}}}}]},"type":"success"}
2025-08-10T13:01:25.632Z INFO webdriver: BIDI COMMAND script.callFunction {"functionDeclaration":"<Function[279 bytes] checkVisibility>","awaitPromise":true,"arguments":[{"sharedId":"f.235D7C883E38740BD392B32A7987519F.d.0DC1063C90C0405599522EEF48072411.e.6"},{"type":"object","value":[["withinViewport",{"type":"boolean","value":false}],["contentVisibilityAuto",{"type":"boolean","value":true}],["opacityProperty",{"type":"boolean","value":true}],["visibilityProperty",{"type":"boolean","value":true}]]}],"target":{"context":"235D7C883E38740BD392B32A7987519F"}}
2025-08-10T13:01:25.632Z INFO webdriver: COMMAND getElementCSSValue("f.235D7C883E38740BD392B32A7987519F.d.0DC1063C90C0405599522EEF48072411.e.6", "display")
2025-08-10T13:01:25.632Z INFO webdriver: [GET] http://localhost:9515/session/268a73c5fe160052d07bc037e25302eb/element/f.235D7C883E38740BD392B32A7987519F.d.0DC1063C90C0405599522EEF48072411.e.6/css/display
2025-08-10T13:01:25.637Z INFO webdriver: RESULT inline-block
2025-08-10T13:01:25.647Z INFO webdriver: BIDI RESULT {"id":18,"result":{"realm":"-2375647537114472690.8146067565899918987","result":{"type":"boolean","value":true},"type":"success"},"type":"success"}
2025-08-10T13:01:25.648Z INFO webdriver: BIDI COMMAND script.callFunction {"functionDeclaration":"<Function[279 bytes] checkVisibility>","awaitPromise":true,"arguments":[{"sharedId":"f.235D7C883E38740BD392B32A7987519F.d.0DC1063C90C0405599522EEF48072411.e.6"},{"type":"object","value":[["withinViewport",{"type":"boolean","value":false}],["contentVisibilityAuto",{"type":"boolean","value":true}],["opacityProperty",{"type":"boolean","value":true}],["visibilityProperty",{"type":"boolean","value":true}]]}],"target":{"context":"235D7C883E38740BD392B32A7987519F"}}
2025-08-10T13:01:25.648Z INFO webdriver: COMMAND getElementCSSValue("f.235D7C883E38740BD392B32A7987519F.d.0DC1063C90C0405599522EEF48072411.e.6", "display")
2025-08-10T13:01:25.648Z INFO webdriver: [GET] http://localhost:9515/session/268a73c5fe160052d07bc037e25302eb/element/f.235D7C883E38740BD392B32A7987519F.d.0DC1063C90C0405599522EEF48072411.e.6/css/display
2025-08-10T13:01:25.653Z INFO webdriver: RESULT inline-block
2025-08-10T13:01:25.662Z INFO webdriver: BIDI RESULT {"id":19,"result":{"realm":"-2375647537114472690.8146067565899918987","result":{"type":"boolean","value":true},"type":"success"},"type":"success"}
2025-08-10T13:01:25.662Z INFO webdriver: BIDI COMMAND browsingContext.locateNodes {"locator":{"type":"css","value":"#username"},"context":"235D7C883E38740BD392B32A7987519F"}
2025-08-10T13:01:25.664Z INFO webdriver: BIDI RESULT {"id":20,"result":{"nodes":[{"sharedId":"f.235D7C883E38740BD392B32A7987519F.d.0DC1063C90C0405599522EEF48072411.e.4","type":"node","value":{"attributes":{"class":"login_input","id":"username","name":"username","type":"text","value":""},"childNodeCount":0,"localName":"input","namespaceURI":"http://www.w3.org/1999/xhtml","nodeType":1,"shadowRoot":{"sharedId":"f.235D7C883E38740BD392B32A7987519F.d.0DC1063C90C0405599522EEF48072411.e.17","type":"node","value":{"childNodeCount":1,"mode":"closed","nodeType":11}}}}]},"type":"success"}
2025-08-10T13:01:25.666Z INFO webdriver: COMMAND elementClear("f.235D7C883E38740BD392B32A7987519F.d.0DC1063C90C0405599522EEF48072411.e.4")
2025-08-10T13:01:25.666Z INFO webdriver: [POST] http://localhost:9515/session/268a73c5fe160052d07bc037e25302eb/element/f.235D7C883E38740BD392B32A7987519F.d.0DC1063C90C0405599522EEF48072411.e.4/clear
2025-08-10T13:01:25.691Z INFO webdriver: RESULT null
2025-08-10T13:01:25.692Z INFO webdriver: COMMAND elementSendKeys("f.235D7C883E38740BD392B32A7987519F.d.0DC1063C90C0405599522EEF48072411.e.4", "Adminimum")
2025-08-10T13:01:25.692Z INFO webdriver: [POST] http://localhost:9515/session/268a73c5fe160052d07bc037e25302eb/element/f.235D7C883E38740BD392B32A7987519F.d.0DC1063C90C0405599522EEF48072411.e.4/value
2025-08-10T13:01:25.692Z INFO webdriver: DATA { text: 'Adminimum' }
2025-08-10T13:01:25.737Z INFO webdriver: RESULT null
2025-08-10T13:01:25.738Z INFO webdriver: BIDI COMMAND browsingContext.locateNodes {"locator":{"type":"css","value":"#password"},"context":"235D7C883E38740BD392B32A7987519F"}
2025-08-10T13:01:25.740Z INFO webdriver: BIDI RESULT {"id":21,"result":{"nodes":[{"sharedId":"f.235D7C883E38740BD392B32A7987519F.d.0DC1063C90C0405599522EEF48072411.e.5","type":"node","value":{"attributes":{"class":"login_input","id":"password","name":"password","type":"password","value":""},"childNodeCount":0,"localName":"input","namespaceURI":"http://www.w3.org/1999/xhtml","nodeType":1,"shadowRoot":{"sharedId":"f.235D7C883E38740BD392B32A7987519F.d.0DC1063C90C0405599522EEF48072411.e.18","type":"node","value":{"childNodeCount":1,"mode":"closed","nodeType":11}}}}]},"type":"success"}
2025-08-10T13:01:25.742Z INFO webdriver: COMMAND elementClear("f.235D7C883E38740BD392B32A7987519F.d.0DC1063C90C0405599522EEF48072411.e.5")
2025-08-10T13:01:25.742Z INFO webdriver: [POST] http://localhost:9515/session/268a73c5fe160052d07bc037e25302eb/element/f.235D7C883E38740BD392B32A7987519F.d.0DC1063C90C0405599522EEF48072411.e.5/clear
2025-08-10T13:01:25.757Z INFO webdriver: RESULT null
2025-08-10T13:01:25.757Z INFO webdriver: COMMAND elementSendKeys("f.235D7C883E38740BD392B32A7987519F.d.0DC1063C90C0405599522EEF48072411.e.5", "<Screenshot[base64]>")
2025-08-10T13:01:25.757Z INFO webdriver: [POST] http://localhost:9515/session/268a73c5fe160052d07bc037e25302eb/element/f.235D7C883E38740BD392B32A7987519F.d.0DC1063C90C0405599522EEF48072411.e.5/value
2025-08-10T13:01:25.757Z INFO webdriver: DATA { text: '12345678' }
2025-08-10T13:01:25.791Z INFO webdriver: RESULT null
2025-08-10T13:01:25.791Z INFO webdriver: BIDI COMMAND browsingContext.locateNodes {"locator":{"type":"css","value":"#login"},"context":"235D7C883E38740BD392B32A7987519F"}
2025-08-10T13:01:25.794Z INFO webdriver: BIDI RESULT {"id":22,"result":{"nodes":[{"sharedId":"f.235D7C883E38740BD392B32A7987519F.d.0DC1063C90C0405599522EEF48072411.e.6","type":"node","value":{"attributes":{"class":"login_button","id":"login","name":"login","type":"Submit","value":"Login"},"childNodeCount":0,"localName":"input","namespaceURI":"http://www.w3.org/1999/xhtml","nodeType":1,"shadowRoot":{"sharedId":"f.235D7C883E38740BD392B32A7987519F.d.0DC1063C90C0405599522EEF48072411.e.19","type":"node","value":{"childNodeCount":1,"mode":"closed","nodeType":11}}}}]},"type":"success"}
2025-08-10T13:01:25.796Z INFO webdriver: COMMAND elementClick("f.235D7C883E38740BD392B32A7987519F.d.0DC1063C90C0405599522EEF48072411.e.6")
2025-08-10T13:01:25.796Z INFO webdriver: [POST] http://localhost:9515/session/268a73c5fe160052d07bc037e25302eb/element/f.235D7C883E38740BD392B32A7987519F.d.0DC1063C90C0405599522EEF48072411.e.6/click
2025-08-10T13:01:26.855Z INFO webdriverio:PolyfillManager: Adding polyfill script to context with id B56AA153B38C2CE9DABE15153E19BB61
2025-08-10T13:01:26.855Z INFO webdriver: BIDI COMMAND script.callFunction {"functionDeclaration":"<Function[443 bytes] webdriverioPolyfill>","target":{"children":null,"clientWindow":"2028263651","context":"B56AA153B38C2CE9DABE15153E19BB61","originalOpener":null,"parent":"235D7C883E38740BD392B32A7987519F","url":"about:blank","userContext":"default"},"awaitPromise":false}
2025-08-10T13:01:26.856Z INFO webdriver: BIDI COMMAND browsingContext.getTree {}
2025-08-10T13:01:26.896Z INFO webdriver: RESULT null
2025-08-10T13:01:26.896Z INFO webdriver: BIDI COMMAND browsingContext.locateNodes {"locator":{"type":"css","value":"#search_form"},"context":"235D7C883E38740BD392B32A7987519F"}
2025-08-10T13:01:26.897Z INFO webdriver: BIDI RESULT {"id":24,"result":{"contexts":[{"children":[{"children":[],"clientWindow":"2028263651","context":"B56AA153B38C2CE9DABE15153E19BB61","originalOpener":null,"url":"about:blank","userContext":"default"}],"clientWindow":"2028263651","context":"235D7C883E38740BD392B32A7987519F","originalOpener":null,"parent":null,"url":"https://adactinhotelapp.com/SearchHotel.php","userContext":"default"}]},"type":"success"}
2025-08-10T13:01:26.897Z INFO webdriver: BIDI RESULT {"id":23,"result":{"realm":"-3016310456846499352.-1535569985634795071","result":{"type":"undefined"},"type":"success"},"type":"success"}
2025-08-10T13:01:26.899Z INFO webdriver: BIDI RESULT {"id":25,"result":{"nodes":[{"sharedId":"f.235D7C883E38740BD392B32A7987519F.d.1D7620DC64041A4541166D70C29631C5.e.25","type":"node","value":{"attributes":{"action":"SelectHotel.php","id":"search_form","method":"post","name":"search_form","onsubmit":"return search_validate();"},"childNodeCount":3,"localName":"form","namespaceURI":"http://www.w3.org/1999/xhtml","nodeType":1,"shadowRoot":null}}]},"type":"success"}
2025-08-10T13:01:26.901Z INFO webdriver: BIDI COMMAND script.callFunction {"functionDeclaration":"<Function[279 bytes] checkVisibility>","awaitPromise":true,"arguments":[{"sharedId":"f.235D7C883E38740BD392B32A7987519F.d.1D7620DC64041A4541166D70C29631C5.e.25"},{"type":"object","value":[["withinViewport",{"type":"boolean","value":false}],["contentVisibilityAuto",{"type":"boolean","value":true}],["opacityProperty",{"type":"boolean","value":true}],["visibilityProperty",{"type":"boolean","value":true}]]}],"target":{"context":"235D7C883E38740BD392B32A7987519F"}}
2025-08-10T13:01:26.901Z INFO webdriver: COMMAND getElementCSSValue("f.235D7C883E38740BD392B32A7987519F.d.1D7620DC64041A4541166D70C29631C5.e.25", "display")
2025-08-10T13:01:26.901Z INFO webdriver: [GET] http://localhost:9515/session/268a73c5fe160052d07bc037e25302eb/element/f.235D7C883E38740BD392B32A7987519F.d.1D7620DC64041A4541166D70C29631C5.e.25/css/display
2025-08-10T13:01:26.906Z INFO webdriver: RESULT block
2025-08-10T13:01:26.917Z INFO webdriver: BIDI RESULT {"id":26,"result":{"realm":"-2807366636642384299.-592613600352731738","result":{"type":"boolean","value":true},"type":"success"},"type":"success"}
2025-08-10T13:01:26.917Z INFO webdriver: BIDI COMMAND script.callFunction {"functionDeclaration":"<Function[279 bytes] checkVisibility>","awaitPromise":true,"arguments":[{"sharedId":"f.235D7C883E38740BD392B32A7987519F.d.1D7620DC64041A4541166D70C29631C5.e.25"},{"type":"object","value":[["withinViewport",{"type":"boolean","value":false}],["contentVisibilityAuto",{"type":"boolean","value":true}],["opacityProperty",{"type":"boolean","value":true}],["visibilityProperty",{"type":"boolean","value":true}]]}],"target":{"context":"235D7C883E38740BD392B32A7987519F"}}
2025-08-10T13:01:26.917Z INFO webdriver: COMMAND getElementCSSValue("f.235D7C883E38740BD392B32A7987519F.d.1D7620DC64041A4541166D70C29631C5.e.25", "display")
2025-08-10T13:01:26.917Z INFO webdriver: [GET] http://localhost:9515/session/268a73c5fe160052d07bc037e25302eb/element/f.235D7C883E38740BD392B32A7987519F.d.1D7620DC64041A4541166D70C29631C5.e.25/css/display
2025-08-10T13:01:26.922Z INFO webdriver: RESULT block
2025-08-10T13:01:26.932Z INFO webdriver: BIDI RESULT {"id":27,"result":{"realm":"-2807366636642384299.-592613600352731738","result":{"type":"boolean","value":true},"type":"success"},"type":"success"}
2025-08-10T13:01:26.933Z INFO webdriver: BIDI COMMAND browsingContext.locateNodes {"locator":{"type":"css","value":"a[href*=\"Logout.php\"]"},"context":"235D7C883E38740BD392B32A7987519F"}
2025-08-10T13:01:26.935Z INFO webdriver: BIDI RESULT {"id":28,"result":{"nodes":[{"sharedId":"f.235D7C883E38740BD392B32A7987519F.d.1D7620DC64041A4541166D70C29631C5.e.35","type":"node","value":{"attributes":{"href":"Logout.php"},"childNodeCount":1,"localName":"a","namespaceURI":"http://www.w3.org/1999/xhtml","nodeType":1,"shadowRoot":null}}]},"type":"success"}
2025-08-10T13:01:26.936Z INFO webdriver: BIDI COMMAND script.callFunction {"functionDeclaration":"<Function[279 bytes] checkVisibility>","awaitPromise":true,"arguments":[{"sharedId":"f.235D7C883E38740BD392B32A7987519F.d.1D7620DC64041A4541166D70C29631C5.e.35"},{"type":"object","value":[["withinViewport",{"type":"boolean","value":false}],["contentVisibilityAuto",{"type":"boolean","value":true}],["opacityProperty",{"type":"boolean","value":true}],["visibilityProperty",{"type":"boolean","value":true}]]}],"target":{"context":"235D7C883E38740BD392B32A7987519F"}}
2025-08-10T13:01:26.937Z INFO webdriver: COMMAND getElementCSSValue("f.235D7C883E38740BD392B32A7987519F.d.1D7620DC64041A4541166D70C29631C5.e.35", "display")
2025-08-10T13:01:26.937Z INFO webdriver: [GET] http://localhost:9515/session/268a73c5fe160052d07bc037e25302eb/element/f.235D7C883E38740BD392B32A7987519F.d.1D7620DC64041A4541166D70C29631C5.e.35/css/display
2025-08-10T13:01:26.942Z INFO webdriver: RESULT inline
2025-08-10T13:01:26.951Z INFO webdriver: BIDI RESULT {"id":29,"result":{"realm":"-2807366636642384299.-592613600352731738","result":{"type":"boolean","value":true},"type":"success"},"type":"success"}
2025-08-10T13:01:26.952Z INFO webdriver: BIDI COMMAND script.callFunction {"functionDeclaration":"<Function[279 bytes] checkVisibility>","awaitPromise":true,"arguments":[{"sharedId":"f.235D7C883E38740BD392B32A7987519F.d.1D7620DC64041A4541166D70C29631C5.e.35"},{"type":"object","value":[["withinViewport",{"type":"boolean","value":false}],["contentVisibilityAuto",{"type":"boolean","value":true}],["opacityProperty",{"type":"boolean","value":true}],["visibilityProperty",{"type":"boolean","value":true}]]}],"target":{"context":"235D7C883E38740BD392B32A7987519F"}}
2025-08-10T13:01:26.952Z INFO webdriver: COMMAND getElementCSSValue("f.235D7C883E38740BD392B32A7987519F.d.1D7620DC64041A4541166D70C29631C5.e.35", "display")
2025-08-10T13:01:26.952Z INFO webdriver: [GET] http://localhost:9515/session/268a73c5fe160052d07bc037e25302eb/element/f.235D7C883E38740BD392B32A7987519F.d.1D7620DC64041A4541166D70C29631C5.e.35/css/display
2025-08-10T13:01:26.957Z INFO webdriver: RESULT inline
2025-08-10T13:01:26.969Z INFO webdriver: BIDI RESULT {"id":30,"result":{"realm":"-2807366636642384299.-592613600352731738","result":{"type":"boolean","value":true},"type":"success"},"type":"success"}
2025-08-10T13:01:26.970Z INFO webdriver: BIDI COMMAND browsingContext.locateNodes {"locator":{"type":"css","value":"a[href*=\"Logout.php\"]"},"context":"235D7C883E38740BD392B32A7987519F"}
2025-08-10T13:01:26.971Z INFO webdriver: BIDI RESULT {"id":31,"result":{"nodes":[{"sharedId":"f.235D7C883E38740BD392B32A7987519F.d.1D7620DC64041A4541166D70C29631C5.e.35","type":"node","value":{"attributes":{"href":"Logout.php"},"childNodeCount":1,"localName":"a","namespaceURI":"http://www.w3.org/1999/xhtml","nodeType":1,"shadowRoot":null}}]},"type":"success"}
2025-08-10T13:01:26.973Z INFO webdriver: COMMAND elementClick("f.235D7C883E38740BD392B32A7987519F.d.1D7620DC64041A4541166D70C29631C5.e.35")
2025-08-10T13:01:26.974Z INFO webdriver: [POST] http://localhost:9515/session/268a73c5fe160052d07bc037e25302eb/element/f.235D7C883E38740BD392B32A7987519F.d.1D7620DC64041A4541166D70C29631C5.e.35/click
2025-08-10T13:01:27.323Z INFO webdriverio:PolyfillManager: Adding polyfill script to context with id C77080B3F99C9BCAC8DC2835FF4425AF
2025-08-10T13:01:27.323Z INFO webdriver: BIDI COMMAND script.callFunction {"functionDeclaration":"<Function[443 bytes] webdriverioPolyfill>","target":{"children":null,"clientWindow":"2028263651","context":"C77080B3F99C9BCAC8DC2835FF4425AF","originalOpener":null,"parent":"235D7C883E38740BD392B32A7987519F","url":"about:blank","userContext":"default"},"awaitPromise":false}
2025-08-10T13:01:27.324Z INFO webdriver: BIDI COMMAND browsingContext.getTree {}
2025-08-10T13:01:27.361Z INFO webdriver: RESULT null
2025-08-10T13:01:27.361Z INFO webdriver: BIDI COMMAND browsingContext.locateNodes {"locator":{"type":"css","value":"a[href=\"index.php\"]"},"context":"235D7C883E38740BD392B32A7987519F"}
2025-08-10T13:01:27.361Z INFO webdriver: BIDI RESULT {"id":33,"result":{"contexts":[{"children":[{"children":[],"clientWindow":"2028263651","context":"C77080B3F99C9BCAC8DC2835FF4425AF","originalOpener":null,"url":"about:blank","userContext":"default"}],"clientWindow":"2028263651","context":"235D7C883E38740BD392B32A7987519F","originalOpener":null,"parent":null,"url":"https://adactinhotelapp.com/Logout.php","userContext":"default"}]},"type":"success"}
2025-08-10T13:01:27.362Z INFO webdriver: BIDI RESULT {"id":32,"result":{"realm":"2958442026011821790.5083133637923177105","result":{"type":"undefined"},"type":"success"},"type":"success"}
2025-08-10T13:01:27.363Z INFO webdriver: BIDI RESULT {"id":34,"result":{"nodes":[{"sharedId":"f.235D7C883E38740BD392B32A7987519F.d.00745C43B08BF708A1038AFD05E40EB1.e.42","type":"node","value":{"attributes":{"href":"index.php"},"childNodeCount":1,"localName":"a","namespaceURI":"http://www.w3.org/1999/xhtml","nodeType":1,"shadowRoot":null}}]},"type":"success"}
2025-08-10T13:01:27.365Z INFO webdriver: BIDI COMMAND script.callFunction {"functionDeclaration":"<Function[279 bytes] checkVisibility>","awaitPromise":true,"arguments":[{"sharedId":"f.235D7C883E38740BD392B32A7987519F.d.00745C43B08BF708A1038AFD05E40EB1.e.42"},{"type":"object","value":[["withinViewport",{"type":"boolean","value":false}],["contentVisibilityAuto",{"type":"boolean","value":true}],["opacityProperty",{"type":"boolean","value":true}],["visibilityProperty",{"type":"boolean","value":true}]]}],"target":{"context":"235D7C883E38740BD392B32A7987519F"}}
2025-08-10T13:01:27.365Z INFO webdriver: COMMAND getElementCSSValue("f.235D7C883E38740BD392B32A7987519F.d.00745C43B08BF708A1038AFD05E40EB1.e.42", "display")
2025-08-10T13:01:27.365Z INFO webdriver: [GET] http://localhost:9515/session/268a73c5fe160052d07bc037e25302eb/element/f.235D7C883E38740BD392B32A7987519F.d.00745C43B08BF708A1038AFD05E40EB1.e.42/css/display
2025-08-10T13:01:27.371Z INFO webdriver: RESULT inline
2025-08-10T13:01:27.381Z INFO webdriver: BIDI RESULT {"id":35,"result":{"realm":"3669555402069934104.-1607285378526909273","result":{"type":"boolean","value":true},"type":"success"},"type":"success"}
2025-08-10T13:01:27.381Z INFO webdriver: BIDI COMMAND script.callFunction {"functionDeclaration":"<Function[279 bytes] checkVisibility>","awaitPromise":true,"arguments":[{"sharedId":"f.235D7C883E38740BD392B32A7987519F.d.00745C43B08BF708A1038AFD05E40EB1.e.42"},{"type":"object","value":[["withinViewport",{"type":"boolean","value":false}],["contentVisibilityAuto",{"type":"boolean","value":true}],["opacityProperty",{"type":"boolean","value":true}],["visibilityProperty",{"type":"boolean","value":true}]]}],"target":{"context":"235D7C883E38740BD392B32A7987519F"}}
2025-08-10T13:01:27.382Z INFO webdriver: COMMAND getElementCSSValue("f.235D7C883E38740BD392B32A7987519F.d.00745C43B08BF708A1038AFD05E40EB1.e.42", "display")
2025-08-10T13:01:27.382Z INFO webdriver: [GET] http://localhost:9515/session/268a73c5fe160052d07bc037e25302eb/element/f.235D7C883E38740BD392B32A7987519F.d.00745C43B08BF708A1038AFD05E40EB1.e.42/css/display
2025-08-10T13:01:27.386Z INFO webdriver: RESULT inline
2025-08-10T13:01:27.398Z INFO webdriver: BIDI RESULT {"id":36,"result":{"realm":"3669555402069934104.-1607285378526909273","result":{"type":"boolean","value":true},"type":"success"},"type":"success"}
2025-08-10T13:01:27.399Z INFO webdriver: BIDI COMMAND browsingContext.locateNodes {"locator":{"type":"css","value":"a[href=\"index.php\"]"},"context":"235D7C883E38740BD392B32A7987519F"}
2025-08-10T13:01:27.400Z INFO webdriver: BIDI RESULT {"id":37,"result":{"nodes":[{"sharedId":"f.235D7C883E38740BD392B32A7987519F.d.00745C43B08BF708A1038AFD05E40EB1.e.42","type":"node","value":{"attributes":{"href":"index.php"},"childNodeCount":1,"localName":"a","namespaceURI":"http://www.w3.org/1999/xhtml","nodeType":1,"shadowRoot":null}}]},"type":"success"}
2025-08-10T13:01:27.402Z INFO webdriver: COMMAND elementClick("f.235D7C883E38740BD392B32A7987519F.d.00745C43B08BF708A1038AFD05E40EB1.e.42")
2025-08-10T13:01:27.403Z INFO webdriver: [POST] http://localhost:9515/session/268a73c5fe160052d07bc037e25302eb/element/f.235D7C883E38740BD392B32A7987519F.d.00745C43B08BF708A1038AFD05E40EB1.e.42/click
2025-08-10T13:01:27.779Z INFO webdriver: RESULT null
2025-08-10T13:01:27.781Z INFO webdriver: COMMAND deleteSession()
2025-08-10T13:01:27.781Z INFO webdriver: [DELETE] http://localhost:9515/session/268a73c5fe160052d07bc037e25302eb
2025-08-10T13:01:27.819Z INFO webdriver: RESULT null
2025-08-10T13:01:27.819Z INFO webdriver: Close Bidi connection to ws://127.0.0.1:9515/session/268a73c5fe160052d07bc037e25302eb
